[debug] [2025-01-18T02:28:06.335Z] ----------------------------------------------------------------------
[debug] [2025-01-18T02:28:06.351Z] Command:       C:\Program Files\nodejs\node.exe C:\Users\jayz_\AppData\Roaming\npm\node_modules\firebase-tools\lib\bin\firebase.js init
[debug] [2025-01-18T02:28:06.353Z] CLI Version:   13.22.1
[debug] [2025-01-18T02:28:06.354Z] Platform:      win32
[debug] [2025-01-18T02:28:06.354Z] Node Version:  v20.18.0
[debug] [2025-01-18T02:28:06.355Z] Time:          Sat Jan 18 2025 09:28:06 GMT+0700 (Western Indonesia Time)
[debug] [2025-01-18T02:28:06.356Z] ----------------------------------------------------------------------
[debug] 
[debug] [2025-01-18T02:28:06.375Z] >>> [apiv2][query] GET https://firebase-public.firebaseio.com/cli.json [none]
[debug] [2025-01-18T02:28:06.660Z] > command requires scopes: ["email","openid","https://www.googleapis.com/auth/cloudplatformprojects.readonly","https://www.googleapis.com/auth/firebase","https://www.googleapis.com/auth/cloud-platform"]
[debug] [2025-01-18T02:28:06.662Z] > authorizing via signed-in user (milanistie13@gmail.com)
[info] 
     ######## #### ########  ######## ########     ###     ######  ########
     ##        ##  ##     ## ##       ##     ##  ##   ##  ##       ##
     ######    ##  ########  ######   ########  #########  ######  ######
     ##        ##  ##    ##  ##       ##     ## ##     ##       ## ##
     ##       #### ##     ## ######## ########  ##     ##  ######  ########

You're about to initialize a Firebase project in this directory:

  C:\Users\jayz_\Documents\WEB DEVELOPMENT\expense_tracker_web_app_0f1x3e

[debug] [2025-01-18T02:28:07.430Z] <<< [apiv2][status] GET https://firebase-public.firebaseio.com/cli.json 200
[debug] [2025-01-18T02:28:07.432Z] <<< [apiv2][body] GET https://firebase-public.firebaseio.com/cli.json {"cloudBuildErrorAfter":1594252800000,"cloudBuildWarnAfter":1590019200000,"defaultNode10After":1594252800000,"minVersion":"3.0.5","node8DeploysDisabledAfter":1613390400000,"node8RuntimeDisabledAfter":1615809600000,"node8WarnAfter":1600128000000}
